<?xml version="1.0" encoding="UTF-8"?>
<!-- Generated by org.testng.reporters.JUnitXMLReporter -->
<testsuite hostname="Ragu-SJ-PC" ignored="0" name="Default test" tests="5" failures="0" timestamp="05 Jul 2020 05:58:04 GMT" time="25.313" errors="0">
  <testcase name="tsc1" time="6.195" classname="org.adactin.AdactinHotel"/>
  <testcase name="tsc2" time="2.899" classname="org.adactin.AdactinHotel"/>
  <testcase name="tsc3" time="1.217" classname="org.adactin.AdactinHotel"/>
  <testcase name="tsc4" time="1.603" classname="org.adactin.AdactinHotel"/>
  <testcase name="tsc5" time="6.112" classname="org.adactin.AdactinHotel"/>
</testsuite> <!-- Default test -->
